# JRE version: Java(TM) SE Runtime Environment (8.0_101-b13) (build 1.8.0_101-b13)
# Java VM: Java HotSpot(TM) 64-Bit Server VM (25.101-b13 mixed mode bsd-amd64 compressed oops)
Heap:
 PSYoungGen      total 88576K, used 45202K [0x00000007aab00000, 0x00000007b2600000, 0x00000007c0000000)
  eden space 61440K, 35% used [0x00000007aab00000,0x00000007ac05d150,0x00000007ae700000)
  from space 27136K, 85% used [0x00000007b0580000,0x00000007b1c476e0,0x00000007b2000000)
  to   space 31232K, 0% used [0x00000007ae700000,0x00000007ae700000,0x00000007b0580000)
 ParOldGen       total 52736K, used 9861K [0x0000000780000000, 0x0000000783380000, 0x00000007aab00000)
  object space 52736K, 18% used [0x0000000780000000,0x00000007809a1518,0x0000000783380000)
 Metaspace       used 11173K, capacity 11316K, committed 11520K, reserved 1058816K
  class space    used 1164K, capacity 1247K, committed 1280K, reserved 1048576K
GC Heap History (10 events):
Event: 8.759 GC heap before
{Heap before GC invocations=3 (full 0):
 PSYoungGen      total 18944K, used 18915K [0x00000007aab00000, 0x00000007ad000000, 0x00000007c0000000)
  eden space 16384K, 100% used [0x00000007aab00000,0x00000007abb00000,0x00000007abb00000)
  from space 2560K, 98% used [0x00000007abd80000,0x00000007abff8d98,0x00000007ac000000)
  to   space 2560K, 0% used [0x00000007abb00000,0x00000007abb00000,0x00000007abd80000)
 ParOldGen       total 44032K, used 15968K [0x0000000780000000, 0x0000000782b00000, 0x00000007aab00000)
  object space 44032K, 36% used [0x0000000780000000,0x0000000780f98198,0x0000000782b00000)
 Metaspace       used 10694K, capacity 10836K, committed 11008K, reserved 1058816K
  class space    used 1141K, capacity 1215K, committed 1280K, reserved 1048576K
Event: 8.763 GC heap after
Heap after GC invocations=3 (full 0):
 PSYoungGen      total 18944K, used 2547K [0x00000007aab00000, 0x00000007ad000000, 0x00000007c0000000)
  eden space 16384K, 0% used [0x00000007aab00000,0x00000007aab00000,0x00000007abb00000)
  from space 2560K, 99% used [0x00000007abb00000,0x00000007abd7cda8,0x00000007abd80000)
  to   space 2560K, 0% used [0x00000007acd80000,0x00000007acd80000,0x00000007ad000000)
 ParOldGen       total 44032K, used 15984K [0x0000000780000000, 0x0000000782b00000, 0x00000007aab00000)
  object space 44032K, 36% used [0x0000000780000000,0x0000000780f9c198,0x0000000782b00000)
 Metaspace       used 10694K, capacity 10836K, committed 11008K, reserved 1058816K
  class space    used 1141K, capacity 1215K, committed 1280K, reserved 1048576K
}
Event: 8.850 GC heap before
{Heap before GC invocations=4 (full 0):
 PSYoungGen      total 18944K, used 18931K [0x00000007aab00000, 0x00000007ad000000, 0x00000007c0000000)
  eden space 16384K, 100% used [0x00000007aab00000,0x00000007abb00000,0x00000007abb00000)
  from space 2560K, 99% used [0x00000007abb00000,0x00000007abd7cda8,0x00000007abd80000)
  to   space 2560K, 0% used [0x00000007acd80000,0x00000007acd80000,0x00000007ad000000)
 ParOldGen       total 44032K, used 15984K [0x0000000780000000, 0x0000000782b00000, 0x00000007aab00000)
  object space 44032K, 36% used [0x0000000780000000,0x0000000780f9c198,0x0000000782b00000)
 Metaspace       used 10706K, capacity 10836K, committed 11008K, reserved 1058816K
  class space    used 1143K, capacity 1215K, committed 1280K, reserved 1048576K
Event: 8.856 GC heap after
Heap after GC invocations=4 (full 0):
 PSYoungGen      total 35328K, used 2547K [0x00000007aab00000, 0x00000007ad000000, 0x00000007c0000000)
  eden space 32768K, 0% used [0x00000007aab00000,0x00000007aab00000,0x00000007acb00000)
  from space 2560K, 99% used [0x00000007acd80000,0x00000007acffcda8,0x00000007ad000000)
  to   space 2560K, 0% used [0x00000007acb00000,0x00000007acb00000,0x00000007acd80000)
 ParOldGen       total 44032K, used 23946K [0x0000000780000000, 0x0000000782b00000, 0x00000007aab00000)
  object space 44032K, 54% used [0x0000000780000000,0x00000007817629c8,0x0000000782b00000)
 Metaspace       used 10706K, capacity 10836K, committed 11008K, reserved 1058816K
  class space    used 1143K, capacity 1215K, committed 1280K, reserved 1048576K
}
Event: 9.180 GC heap before
{Heap before GC invocations=5 (full 0):
 PSYoungGen      total 35328K, used 31710K [0x00000007aab00000, 0x00000007ad000000, 0x00000007c0000000)
  eden space 32768K, 88% used [0x00000007aab00000,0x00000007ac77aa70,0x00000007acb00000)
  from space 2560K, 99% used [0x00000007acd80000,0x00000007acffcda8,0x00000007ad000000)
  to   space 2560K, 0% used [0x00000007acb00000,0x00000007acb00000,0x00000007acd80000)
 ParOldGen       total 44032K, used 23946K [0x0000000780000000, 0x0000000782b00000, 0x00000007aab00000)
  object space 44032K, 54% used [0x0000000780000000,0x00000007817629c8,0x0000000782b00000)
 Metaspace       used 10874K, capacity 11060K, committed 11264K, reserved 1058816K
  class space    used 1159K, capacity 1247K, committed 1280K, reserved 1048576K
Event: 9.200 GC heap after
Heap after GC invocations=5 (full 0):
 PSYoungGen      total 35328K, used 2546K [0x00000007aab00000, 0x00000007b2000000, 0x00000007c0000000)
  eden space 32768K, 0% used [0x00000007aab00000,0x00000007aab00000,0x00000007acb00000)
  from space 2560K, 99% used [0x00000007acb00000,0x00000007acd7c910,0x00000007acd80000)
  to   space 27136K, 0% used [0x00000007b0580000,0x00000007b0580000,0x00000007b2000000)
 ParOldGen       total 50688K, used 44388K [0x0000000780000000, 0x0000000783180000, 0x00000007aab00000)
  object space 50688K, 87% used [0x0000000780000000,0x0000000782b59120,0x0000000783180000)
 Metaspace       used 10874K, capacity 11060K, committed 11264K, reserved 1058816K
  class space    used 1159K, capacity 1247K, committed 1280K, reserved 1048576K
}
Event: 9.220 GC heap before
{Heap before GC invocations=6 (full 1):
 PSYoungGen      total 35328K, used 2546K [0x00000007aab00000, 0x00000007b2000000, 0x00000007c0000000)
  eden space 32768K, 0% used [0x00000007aab00000,0x00000007aab00000,0x00000007acb00000)
  from space 2560K, 99% used [0x00000007acb00000,0x00000007acd7c910,0x00000007acd80000)
  to   space 27136K, 0% used [0x00000007b0580000,0x00000007b0580000,0x00000007b2000000)
 ParOldGen       total 50688K, used 44388K [0x0000000780000000, 0x0000000783180000, 0x00000007aab00000)
  object space 50688K, 87% used [0x0000000780000000,0x0000000782b59120,0x0000000783180000)
 Metaspace       used 10874K, capacity 11060K, committed 11264K, reserved 1058816K
  class space    used 1159K, capacity 1247K, committed 1280K, reserved 1048576K
Event: 9.268 GC heap after
Heap after GC invocations=6 (full 1):
 PSYoungGen      total 35328K, used 0K [0x00000007aab00000, 0x00000007b2000000, 0x00000007c0000000)
  eden space 32768K, 0% used [0x00000007aab00000,0x00000007aab00000,0x00000007acb00000)
  from space 2560K, 0% used [0x00000007acb00000,0x00000007acb00000,0x00000007acd80000)
  to   space 27136K, 0% used [0x00000007b0580000,0x00000007b0580000,0x00000007b2000000)
 ParOldGen       total 52736K, used 9861K [0x0000000780000000, 0x0000000783380000, 0x00000007aab00000)
  object space 52736K, 18% used [0x0000000780000000,0x00000007809a1518,0x0000000783380000)
 Metaspace       used 10874K, capacity 11060K, committed 11264K, reserved 1058816K
  class space    used 1159K, capacity 1247K, committed 1280K, reserved 1048576K
}
Event: 9.401 GC heap before
{Heap before GC invocations=7 (full 1):
 PSYoungGen      total 35328K, used 32768K [0x00000007aab00000, 0x00000007b2000000, 0x00000007c0000000)
  eden space 32768K, 100% used [0x00000007aab00000,0x00000007acb00000,0x00000007acb00000)
  from space 2560K, 0% used [0x00000007acb00000,0x00000007acb00000,0x00000007acd80000)
  to   space 27136K, 0% used [0x00000007b0580000,0x00000007b0580000,0x00000007b2000000)
 ParOldGen       total 52736K, used 9861K [0x0000000780000000, 0x0000000783380000, 0x00000007aab00000)
  object space 52736K, 18% used [0x0000000780000000,0x00000007809a1518,0x0000000783380000)
 Metaspace       used 10874K, capacity 11060K, committed 11264K, reserved 1058816K
  class space    used 1159K, capacity 1247K, committed 1280K, reserved 1048576K
Event: 9.439 GC heap after
Heap after GC invocations=7 (full 1):
 PSYoungGen      total 88576K, used 23325K [0x00000007aab00000, 0x00000007b2600000, 0x00000007c0000000)
  eden space 61440K, 0% used [0x00000007aab00000,0x00000007aab00000,0x00000007ae700000)
  from space 27136K, 85% used [0x00000007b0580000,0x00000007b1c476e0,0x00000007b2000000)
  to   space 31232K, 0% used [0x00000007ae700000,0x00000007ae700000,0x00000007b0580000)
 ParOldGen       total 52736K, used 9861K [0x0000000780000000, 0x0000000783380000, 0x00000007aab00000)
  object space 52736K, 18% used [0x0000000780000000,0x00000007809a1518,0x0000000783380000)
 Metaspace       used 10874K, capacity 11060K, committed 11264K, reserved 1058816K
  class space    used 1159K, capacity 1247K, committed 1280K, reserved 1048576K
}

