# JRE version: Java(TM) SE Runtime Environment (8.0_111-b14) (build 1.8.0_111-b14)
# Java VM: Java HotSpot(TM) 64-Bit Server VM (25.111-b14 mixed mode bsd-amd64 compressed oops)
Heap:
 PSYoungGen      total 80384K, used 39689K [0x00000007aab00000, 0x00000007b4200000, 0x00000007c0000000)
  eden space 64000K, 59% used [0x00000007aab00000,0x00000007ad0425b8,0x00000007ae980000)
  from space 16384K, 9% used [0x00000007ae980000,0x00000007aeb00000,0x00000007af980000)
  to   space 15872K, 0% used [0x00000007b3280000,0x00000007b3280000,0x00000007b4200000)
 ParOldGen       total 51712K, used 14115K [0x0000000780000000, 0x0000000783280000, 0x00000007aab00000)
  object space 51712K, 27% used [0x0000000780000000,0x0000000780dc8f10,0x0000000783280000)
 Metaspace       used 11608K, capacity 11848K, committed 12032K, reserved 1060864K
  class space    used 1190K, capacity 1279K, committed 1280K, reserved 1048576K
GC Heap History (10 events):
Event: 3.827 GC heap before
{Heap before GC invocations=4 (full 0):
 PSYoungGen      total 18944K, used 18944K [0x00000007aab00000, 0x00000007ad000000, 0x00000007c0000000)
  eden space 16384K, 100% used [0x00000007aab00000,0x00000007abb00000,0x00000007abb00000)
  from space 2560K, 100% used [0x00000007abb00000,0x00000007abd80000,0x00000007abd80000)
  to   space 2560K, 0% used [0x00000007acd80000,0x00000007acd80000,0x00000007ad000000)
 ParOldGen       total 44032K, used 13312K [0x0000000780000000, 0x0000000782b00000, 0x00000007aab00000)
  object space 44032K, 30% used [0x0000000780000000,0x0000000780d000a0,0x0000000782b00000)
 Metaspace       used 11104K, capacity 11272K, committed 11520K, reserved 1058816K
  class space    used 1167K, capacity 1215K, committed 1280K, reserved 1048576K
Event: 3.831 GC heap after
Heap after GC invocations=4 (full 0):
 PSYoungGen      total 35328K, used 2530K [0x00000007aab00000, 0x00000007ad000000, 0x00000007c0000000)
  eden space 32768K, 0% used [0x00000007aab00000,0x00000007aab00000,0x00000007acb00000)
  from space 2560K, 98% used [0x00000007acd80000,0x00000007acff8900,0x00000007ad000000)
  to   space 2560K, 0% used [0x00000007acb00000,0x00000007acb00000,0x00000007acd80000)
 ParOldGen       total 44032K, used 13328K [0x0000000780000000, 0x0000000782b00000, 0x00000007aab00000)
  object space 44032K, 30% used [0x0000000780000000,0x0000000780d040a0,0x0000000782b00000)
 Metaspace       used 11104K, capacity 11272K, committed 11520K, reserved 1058816K
  class space    used 1167K, capacity 1215K, committed 1280K, reserved 1048576K
}
Event: 4.181 GC heap before
{Heap before GC invocations=5 (full 0):
 PSYoungGen      total 35328K, used 31473K [0x00000007aab00000, 0x00000007ad000000, 0x00000007c0000000)
  eden space 32768K, 88% used [0x00000007aab00000,0x00000007ac743db8,0x00000007acb00000)
  from space 2560K, 98% used [0x00000007acd80000,0x00000007acff8900,0x00000007ad000000)
  to   space 2560K, 0% used [0x00000007acb00000,0x00000007acb00000,0x00000007acd80000)
 ParOldGen       total 44032K, used 13328K [0x0000000780000000, 0x0000000782b00000, 0x00000007aab00000)
  object space 44032K, 30% used [0x0000000780000000,0x0000000780d040a0,0x0000000782b00000)
 Metaspace       used 11275K, capacity 11464K, committed 11520K, reserved 1058816K
  class space    used 1184K, capacity 1279K, committed 1280K, reserved 1048576K
Event: 4.188 GC heap after
Heap after GC invocations=5 (full 0):
 PSYoungGen      total 35328K, used 2551K [0x00000007aab00000, 0x00000007b0800000, 0x00000007c0000000)
  eden space 32768K, 0% used [0x00000007aab00000,0x00000007aab00000,0x00000007acb00000)
  from space 2560K, 99% used [0x00000007acb00000,0x00000007acd7ddf0,0x00000007acd80000)
  to   space 14848K, 0% used [0x00000007af980000,0x00000007af980000,0x00000007b0800000)
 ParOldGen       total 44032K, used 14607K [0x0000000780000000, 0x0000000782b00000, 0x00000007aab00000)
  object space 44032K, 33% used [0x0000000780000000,0x0000000780e43dc8,0x0000000782b00000)
 Metaspace       used 11275K, capacity 11464K, committed 11520K, reserved 1058816K
  class space    used 1184K, capacity 1279K, committed 1280K, reserved 1048576K
}
Event: 4.317 GC heap before
{Heap before GC invocations=6 (full 0):
 PSYoungGen      total 35328K, used 35319K [0x00000007aab00000, 0x00000007b0800000, 0x00000007c0000000)
  eden space 32768K, 100% used [0x00000007aab00000,0x00000007acb00000,0x00000007acb00000)
  from space 2560K, 99% used [0x00000007acb00000,0x00000007acd7ddf0,0x00000007acd80000)
  to   space 14848K, 0% used [0x00000007af980000,0x00000007af980000,0x00000007b0800000)
 ParOldGen       total 44032K, used 14607K [0x0000000780000000, 0x0000000782b00000, 0x00000007aab00000)
  object space 44032K, 33% used [0x0000000780000000,0x0000000780e43dc8,0x0000000782b00000)
 Metaspace       used 11275K, capacity 11464K, committed 11520K, reserved 1058816K
  class space    used 1184K, capacity 1279K, committed 1280K, reserved 1048576K
Event: 4.365 GC heap after
Heap after GC invocations=6 (full 0):
 PSYoungGen      total 78848K, used 10391K [0x00000007aab00000, 0x00000007b0b00000, 0x00000007c0000000)
  eden space 64000K, 0% used [0x00000007aab00000,0x00000007aab00000,0x00000007ae980000)
  from space 14848K, 69% used [0x00000007af980000,0x00000007b03a5eb0,0x00000007b0800000)
  to   space 16384K, 0% used [0x00000007ae980000,0x00000007ae980000,0x00000007af980000)
 ParOldGen       total 44032K, used 33039K [0x0000000780000000, 0x0000000782b00000, 0x00000007aab00000)
  object space 44032K, 75% used [0x0000000780000000,0x0000000782043df8,0x0000000782b00000)
 Metaspace       used 11275K, capacity 11464K, committed 11520K, reserved 1058816K
  class space    used 1184K, capacity 1279K, committed 1280K, reserved 1048576K
}
Event: 4.365 GC heap before
{Heap before GC invocations=7 (full 1):
 PSYoungGen      total 78848K, used 10391K [0x00000007aab00000, 0x00000007b0b00000, 0x00000007c0000000)
  eden space 64000K, 0% used [0x00000007aab00000,0x00000007aab00000,0x00000007ae980000)
  from space 14848K, 69% used [0x00000007af980000,0x00000007b03a5eb0,0x00000007b0800000)
  to   space 16384K, 0% used [0x00000007ae980000,0x00000007ae980000,0x00000007af980000)
 ParOldGen       total 44032K, used 33039K [0x0000000780000000, 0x0000000782b00000, 0x00000007aab00000)
  object space 44032K, 75% used [0x0000000780000000,0x0000000782043df8,0x0000000782b00000)
 Metaspace       used 11275K, capacity 11464K, committed 11520K, reserved 1058816K
  class space    used 1184K, capacity 1279K, committed 1280K, reserved 1048576K
Event: 4.394 GC heap after
Heap after GC invocations=7 (full 1):
 PSYoungGen      total 78848K, used 0K [0x00000007aab00000, 0x00000007b0b00000, 0x00000007c0000000)
  eden space 64000K, 0% used [0x00000007aab00000,0x00000007aab00000,0x00000007ae980000)
  from space 14848K, 0% used [0x00000007af980000,0x00000007af980000,0x00000007b0800000)
  to   space 16384K, 0% used [0x00000007ae980000,0x00000007ae980000,0x00000007af980000)
 ParOldGen       total 51712K, used 14107K [0x0000000780000000, 0x0000000783280000, 0x00000007aab00000)
  object space 51712K, 27% used [0x0000000780000000,0x0000000780dc6f10,0x0000000783280000)
 Metaspace       used 11275K, capacity 11464K, committed 11520K, reserved 1058816K
  class space    used 1184K, capacity 1279K, committed 1280K, reserved 1048576K
}
Event: 38.629 GC heap before
{Heap before GC invocations=8 (full 1):
 PSYoungGen      total 78848K, used 64000K [0x00000007aab00000, 0x00000007b0b00000, 0x00000007c0000000)
  eden space 64000K, 100% used [0x00000007aab00000,0x00000007ae980000,0x00000007ae980000)
  from space 14848K, 0% used [0x00000007af980000,0x00000007af980000,0x00000007b0800000)
  to   space 16384K, 0% used [0x00000007ae980000,0x00000007ae980000,0x00000007af980000)
 ParOldGen       total 51712K, used 14107K [0x0000000780000000, 0x0000000783280000, 0x00000007aab00000)
  object space 51712K, 27% used [0x0000000780000000,0x0000000780dc6f10,0x0000000783280000)
 Metaspace       used 11593K, capacity 11784K, committed 12032K, reserved 1060864K
  class space    used 1190K, capacity 1279K, committed 1280K, reserved 1048576K
Event: 38.632 GC heap after
Heap after GC invocations=8 (full 1):
 PSYoungGen      total 80384K, used 1536K [0x00000007aab00000, 0x00000007b4200000, 0x00000007c0000000)
  eden space 64000K, 0% used [0x00000007aab00000,0x00000007aab00000,0x00000007ae980000)
  from space 16384K, 9% used [0x00000007ae980000,0x00000007aeb00000,0x00000007af980000)
  to   space 15872K, 0% used [0x00000007b3280000,0x00000007b3280000,0x00000007b4200000)
 ParOldGen       total 51712K, used 14115K [0x0000000780000000, 0x0000000783280000, 0x00000007aab00000)
  object space 51712K, 27% used [0x0000000780000000,0x0000000780dc8f10,0x0000000783280000)
 Metaspace       used 11593K, capacity 11784K, committed 12032K, reserved 1060864K
  class space    used 1190K, capacity 1279K, committed 1280K, reserved 1048576K
}

